<?xml version="1.0" encoding="UTF-8"?>
<!-- Generated by org.testng.reporters.JUnitXMLReporter -->
<testsuite ignored="0" hostname="GLB-343-PC" failures="0" tests="8" name="FreeCRMTest" time="122.033" errors="0" timestamp="10 Nov 2018 07:12:21 GMT">
  <testcase classname="com.crm.testcases.LoginPageTest" name="crmLogoTest" time="0.1"/>
  <testcase classname="com.crm.testcases.LoginPageTest" name="loginPageTitle" time="0.015"/>
  <testcase classname="com.crm.testcases.LoginPageTest" name="loginTest" time="7.914"/>
  <testcase classname="com.crm.testcases.HomePageTest" name="varifyContactsLinkTest" time="2.621"/>
  <testcase classname="com.crm.testcases.HomePageTest" name="varifyHomepageTest" time="0.006"/>
  <testcase classname="com.crm.testcases.HomePageTest" name="varifyUsernameTest" time="0.081"/>
  <testcase classname="com.crm.testcases.ContactPageTest" name="selectContacTest" time="2.02"/>
  <testcase classname="com.crm.testcases.ContactPageTest" name="varifyContactLevelTest" time="0.049"/>
</testsuite> <!-- FreeCRMTest -->
