<?xml version="1.0" encoding="UTF-8"?>
<testng-results ignored="0" total="11" passed="10" failed="1" skipped="0">
  <reporter-output>
  </reporter-output>
  <suite started-at="2018-11-12T10:41:31Z" name="FreeCRMTestAutomation" finished-at="2018-11-12T10:45:58Z" duration-ms="266283">
    <groups>
    </groups>
    <test started-at="2018-11-12T10:41:31Z" name="FreeCRMTest" finished-at="2018-11-12T10:45:58Z" duration-ms="266283">
      <class name="com.crm.testcases.HomePageTest">
        <test-method is-config="true" signature="setup()[pri:0, instance:com.crm.testcases.HomePageTest@574b560f]" started-at="2018-11-12T10:42:14Z" name="setup" finished-at="2018-11-12T10:42:31Z" duration-ms="17665" status="PASS">
          <reporter-output>
          </reporter-output>
        </test-method> <!-- setup -->
        <test-method signature="varifyContactsLinkTest()[pri:0, instance:com.crm.testcases.HomePageTest@574b560f]" started-at="2018-11-12T10:42:31Z" name="varifyContactsLinkTest" finished-at="2018-11-12T10:42:33Z" duration-ms="1955" status="PASS">
          <reporter-output>
          </reporter-output>
        </test-method> <!-- varifyContactsLinkTest -->
        <test-method is-config="true" signature="tearDown()[pri:0, instance:com.crm.testcases.HomePageTest@574b560f]" started-at="2018-11-12T10:42:33Z" name="tearDown" finished-at="2018-11-12T10:42:34Z" duration-ms="645" status="PASS">
          <reporter-output>
          </reporter-output>
        </test-method> <!-- tearDown -->
        <test-method is-config="true" signature="setup()[pri:0, instance:com.crm.testcases.HomePageTest@574b560f]" started-at="2018-11-12T10:42:34Z" name="setup" finished-at="2018-11-12T10:42:55Z" duration-ms="21597" status="PASS">
          <reporter-output>
          </reporter-output>
        </test-method> <!-- setup -->
        <test-method signature="varifyHomepageTest()[pri:0, instance:com.crm.testcases.HomePageTest@574b560f]" started-at="2018-11-12T10:42:55Z" name="varifyHomepageTest" finished-at="2018-11-12T10:42:55Z" duration-ms="13" status="PASS">
          <reporter-output>
          </reporter-output>
        </test-method> <!-- varifyHomepageTest -->
        <test-method is-config="true" signature="tearDown()[pri:0, instance:com.crm.testcases.HomePageTest@574b560f]" started-at="2018-11-12T10:42:55Z" name="tearDown" finished-at="2018-11-12T10:42:56Z" duration-ms="612" status="PASS">
          <reporter-output>
          </reporter-output>
        </test-method> <!-- tearDown -->
        <test-method is-config="true" signature="setup()[pri:0, instance:com.crm.testcases.HomePageTest@574b560f]" started-at="2018-11-12T10:42:56Z" name="setup" finished-at="2018-11-12T10:43:15Z" duration-ms="18975" status="PASS">
          <reporter-output>
          </reporter-output>
        </test-method> <!-- setup -->
        <test-method signature="varifyUsernameTest()[pri:0, instance:com.crm.testcases.HomePageTest@574b560f]" started-at="2018-11-12T10:43:15Z" name="varifyUsernameTest" finished-at="2018-11-12T10:43:15Z" duration-ms="99" status="PASS">
          <reporter-output>
          </reporter-output>
        </test-method> <!-- varifyUsernameTest -->
        <test-method is-config="true" signature="tearDown()[pri:0, instance:com.crm.testcases.HomePageTest@574b560f]" started-at="2018-11-12T10:43:15Z" name="tearDown" finished-at="2018-11-12T10:43:16Z" duration-ms="601" status="PASS">
          <reporter-output>
          </reporter-output>
        </test-method> <!-- tearDown -->
      </class> <!-- com.crm.testcases.HomePageTest -->
      <class name="com.crm.testcases.LoginPageTest">
        <test-method is-config="true" signature="setup()[pri:0, instance:com.crm.testcases.LoginPageTest@36b4fe2a]" started-at="2018-11-12T10:41:31Z" name="setup" finished-at="2018-11-12T10:41:42Z" duration-ms="10603" status="PASS">
          <reporter-output>
          </reporter-output>
        </test-method> <!-- setup -->
        <test-method signature="crmLogoTest()[pri:0, instance:com.crm.testcases.LoginPageTest@36b4fe2a]" started-at="2018-11-12T10:41:42Z" name="crmLogoTest" finished-at="2018-11-12T10:41:42Z" duration-ms="202" status="PASS">
          <reporter-output>
          </reporter-output>
        </test-method> <!-- crmLogoTest -->
        <test-method is-config="true" signature="tearDown()[pri:0, instance:com.crm.testcases.LoginPageTest@36b4fe2a]" started-at="2018-11-12T10:41:42Z" name="tearDown" finished-at="2018-11-12T10:41:43Z" duration-ms="657" status="PASS">
          <reporter-output>
          </reporter-output>
        </test-method> <!-- tearDown -->
        <test-method is-config="true" signature="setup()[pri:0, instance:com.crm.testcases.LoginPageTest@36b4fe2a]" started-at="2018-11-12T10:41:43Z" name="setup" finished-at="2018-11-12T10:41:51Z" duration-ms="8141" status="PASS">
          <reporter-output>
          </reporter-output>
        </test-method> <!-- setup -->
        <test-method signature="loginPageTitle()[pri:0, instance:com.crm.testcases.LoginPageTest@36b4fe2a]" started-at="2018-11-12T10:41:51Z" name="loginPageTitle" finished-at="2018-11-12T10:41:51Z" duration-ms="17" status="PASS">
          <reporter-output>
          </reporter-output>
        </test-method> <!-- loginPageTitle -->
        <test-method is-config="true" signature="tearDown()[pri:0, instance:com.crm.testcases.LoginPageTest@36b4fe2a]" started-at="2018-11-12T10:41:51Z" name="tearDown" finished-at="2018-11-12T10:41:52Z" duration-ms="587" status="PASS">
          <reporter-output>
          </reporter-output>
        </test-method> <!-- tearDown -->
        <test-method is-config="true" signature="setup()[pri:0, instance:com.crm.testcases.LoginPageTest@36b4fe2a]" started-at="2018-11-12T10:41:52Z" name="setup" finished-at="2018-11-12T10:42:00Z" duration-ms="8902" status="PASS">
          <reporter-output>
          </reporter-output>
        </test-method> <!-- setup -->
        <test-method signature="loginTest()[pri:0, instance:com.crm.testcases.LoginPageTest@36b4fe2a]" started-at="2018-11-12T10:42:00Z" name="loginTest" finished-at="2018-11-12T10:42:13Z" duration-ms="12444" status="PASS">
          <reporter-output>
          </reporter-output>
        </test-method> <!-- loginTest -->
        <test-method is-config="true" signature="tearDown()[pri:0, instance:com.crm.testcases.LoginPageTest@36b4fe2a]" started-at="2018-11-12T10:42:13Z" name="tearDown" finished-at="2018-11-12T10:42:14Z" duration-ms="598" status="PASS">
          <reporter-output>
          </reporter-output>
        </test-method> <!-- tearDown -->
      </class> <!-- com.crm.testcases.LoginPageTest -->
      <class name="com.crm.testcases.ContactPageTest">
        <test-method is-config="true" signature="setup()[pri:0, instance:com.crm.testcases.ContactPageTest@ba54932]" started-at="2018-11-12T10:43:17Z" name="setup" finished-at="2018-11-12T10:43:34Z" duration-ms="16071" status="PASS">
          <reporter-output>
          </reporter-output>
        </test-method> <!-- setup -->
        <test-method signature="createNewContact(java.lang.String, java.lang.String, java.lang.String, java.lang.String)[pri:0, instance:com.crm.testcases.ContactPageTest@ba54932]" started-at="2018-11-12T10:43:34Z" name="createNewContact" data-provider="getContactsData" finished-at="2018-11-12T10:43:40Z" duration-ms="6356" status="PASS">
          <params>
            <param index="0">
              <value>
                <![CDATA[Dr.]]>
              </value>
            </param>
            <param index="1">
              <value>
                <![CDATA[Laxmi]]>
              </value>
            </param>
            <param index="2">
              <value>
                <![CDATA[Kanta]]>
              </value>
            </param>
            <param index="3">
              <value>
                <![CDATA[Google]]>
              </value>
            </param>
          </params>
          <reporter-output>
          </reporter-output>
        </test-method> <!-- createNewContact -->
        <test-method is-config="true" signature="tearDown()[pri:0, instance:com.crm.testcases.ContactPageTest@ba54932]" started-at="2018-11-12T10:43:40Z" name="tearDown" finished-at="2018-11-12T10:43:41Z" duration-ms="745" status="PASS">
          <reporter-output>
          </reporter-output>
        </test-method> <!-- tearDown -->
        <test-method is-config="true" signature="setup()[pri:0, instance:com.crm.testcases.ContactPageTest@ba54932]" started-at="2018-11-12T10:43:41Z" name="setup" finished-at="2018-11-12T10:44:04Z" duration-ms="22955" status="PASS">
          <reporter-output>
          </reporter-output>
        </test-method> <!-- setup -->
        <test-method signature="createNewContact(java.lang.String, java.lang.String, java.lang.String, java.lang.String)[pri:0, instance:com.crm.testcases.ContactPageTest@ba54932]" started-at="2018-11-12T10:44:04Z" name="createNewContact" data-provider="getContactsData" finished-at="2018-11-12T10:44:11Z" duration-ms="7706" status="PASS">
          <params>
            <param index="0">
              <value>
                <![CDATA[Mr.]]>
              </value>
            </param>
            <param index="1">
              <value>
                <![CDATA[Mayur]]>
              </value>
            </param>
            <param index="2">
              <value>
                <![CDATA[Asati]]>
              </value>
            </param>
            <param index="3">
              <value>
                <![CDATA[IBM]]>
              </value>
            </param>
          </params>
          <reporter-output>
          </reporter-output>
        </test-method> <!-- createNewContact -->
        <test-method is-config="true" signature="tearDown()[pri:0, instance:com.crm.testcases.ContactPageTest@ba54932]" started-at="2018-11-12T10:44:11Z" name="tearDown" finished-at="2018-11-12T10:44:12Z" duration-ms="667" status="PASS">
          <reporter-output>
          </reporter-output>
        </test-method> <!-- tearDown -->
        <test-method is-config="true" signature="setup()[pri:0, instance:com.crm.testcases.ContactPageTest@ba54932]" started-at="2018-11-12T10:44:12Z" name="setup" finished-at="2018-11-12T10:44:33Z" duration-ms="21092" status="PASS">
          <reporter-output>
          </reporter-output>
        </test-method> <!-- setup -->
        <test-method signature="createNewContact(java.lang.String, java.lang.String, java.lang.String, java.lang.String)[pri:0, instance:com.crm.testcases.ContactPageTest@ba54932]" started-at="2018-11-12T10:44:33Z" name="createNewContact" data-provider="getContactsData" finished-at="2018-11-12T10:44:42Z" duration-ms="8555" status="PASS">
          <params>
            <param index="0">
              <value>
                <![CDATA[Mrs.]]>
              </value>
            </param>
            <param index="1">
              <value>
                <![CDATA[Mayuri]]>
              </value>
            </param>
            <param index="2">
              <value>
                <![CDATA[Das]]>
              </value>
            </param>
            <param index="3">
              <value>
                <![CDATA[TCS]]>
              </value>
            </param>
          </params>
          <reporter-output>
          </reporter-output>
        </test-method> <!-- createNewContact -->
        <test-method is-config="true" signature="tearDown()[pri:0, instance:com.crm.testcases.ContactPageTest@ba54932]" started-at="2018-11-12T10:44:42Z" name="tearDown" finished-at="2018-11-12T10:44:42Z" duration-ms="628" status="PASS">
          <reporter-output>
          </reporter-output>
        </test-method> <!-- tearDown -->
        <test-method is-config="true" signature="setup()[pri:0, instance:com.crm.testcases.ContactPageTest@ba54932]" started-at="2018-11-12T10:44:42Z" name="setup" finished-at="2018-11-12T10:44:58Z" duration-ms="16094" status="PASS">
          <reporter-output>
          </reporter-output>
        </test-method> <!-- setup -->
        <test-method signature="selectContactTest()[pri:0, instance:com.crm.testcases.ContactPageTest@ba54932]" started-at="2018-11-12T10:44:58Z" name="selectContactTest" finished-at="2018-11-12T10:45:24Z" duration-ms="25787" status="FAIL">
          <exception class="org.openqa.selenium.NoSuchElementException">
            <message>
              <![CDATA[no such element: Unable to locate element: {"method":"xpath","selector":"//input[@type='checkbox']/../following-sibling::td/a[text()='Test1 Test2']"}
  (Session info: chrome=70.0.3538.102)
  (Driver info: chromedriver=2.43.600210 (68dcf5eebde37173d4027fa8635e332711d2874a),platform=Windows NT 6.1.7601 SP1 x86_64) (WARNING: The server did not provide any stacktrace information)
Command duration or timeout: 0 milliseconds
For documentation on this error, please visit: http://seleniumhq.org/exceptions/no_such_element.html
Build info: version: '3.14.0', revision: 'aacccce0', time: '2018-08-02T20:19:58.91Z'
System info: host: 'GLB-343-PC', ip: '192.168.6.196', os.name: 'Windows 7', os.arch: 'amd64', os.version: '6.1', java.version: '10.0.1'
Driver info: org.openqa.selenium.chrome.ChromeDriver
Capabilities {acceptInsecureCerts: false, acceptSslCerts: false, applicationCacheEnabled: false, browserConnectionEnabled: false, browserName: chrome, chrome: {chromedriverVersion: 2.43.600210 (68dcf5eebde371..., userDataDir: C:\Users\GLB-343\AppData\Lo...}, cssSelectorsEnabled: true, databaseEnabled: false, goog:chromeOptions: {debuggerAddress: localhost:54396}, handlesAlerts: true, hasTouchScreen: false, javascriptEnabled: true, locationContextEnabled: true, mobileEmulationEnabled: false, nativeEvents: true, networkConnectionEnabled: false, pageLoadStrategy: normal, platform: XP, platformName: XP, rotatable: false, setWindowRect: true, takesHeapSnapshot: true, takesScreenshot: true, unexpectedAlertBehaviour: , unhandledPromptBehavior: , version: 70.0.3538.102, webStorageEnabled: true}
Session ID: a47da9a617a2f14e1f3308c693a0e2bc
*** Element info: {Using=xpath, value=//input[@type='checkbox']/../following-sibling::td/a[text()='Test1 Test2']}]]>
            </message>
            <full-stacktrace>
              <![CDATA[org.openqa.selenium.NoSuchElementException: no such element: Unable to locate element: {"method":"xpath","selector":"//input[@type='checkbox']/../following-sibling::td/a[text()='Test1 Test2']"}
  (Session info: chrome=70.0.3538.102)
  (Driver info: chromedriver=2.43.600210 (68dcf5eebde37173d4027fa8635e332711d2874a),platform=Windows NT 6.1.7601 SP1 x86_64) (WARNING: The server did not provide any stacktrace information)
Command duration or timeout: 0 milliseconds
For documentation on this error, please visit: http://seleniumhq.org/exceptions/no_such_element.html
Build info: version: '3.14.0', revision: 'aacccce0', time: '2018-08-02T20:19:58.91Z'
System info: host: 'GLB-343-PC', ip: '192.168.6.196', os.name: 'Windows 7', os.arch: 'amd64', os.version: '6.1', java.version: '10.0.1'
Driver info: org.openqa.selenium.chrome.ChromeDriver
Capabilities {acceptInsecureCerts: false, acceptSslCerts: false, applicationCacheEnabled: false, browserConnectionEnabled: false, browserName: chrome, chrome: {chromedriverVersion: 2.43.600210 (68dcf5eebde371..., userDataDir: C:\Users\GLB-343\AppData\Lo...}, cssSelectorsEnabled: true, databaseEnabled: false, goog:chromeOptions: {debuggerAddress: localhost:54396}, handlesAlerts: true, hasTouchScreen: false, javascriptEnabled: true, locationContextEnabled: true, mobileEmulationEnabled: false, nativeEvents: true, networkConnectionEnabled: false, pageLoadStrategy: normal, platform: XP, platformName: XP, rotatable: false, setWindowRect: true, takesHeapSnapshot: true, takesScreenshot: true, unexpectedAlertBehaviour: , unhandledPromptBehavior: , version: 70.0.3538.102, webStorageEnabled: true}
Session ID: a47da9a617a2f14e1f3308c693a0e2bc
*** Element info: {Using=xpath, value=//input[@type='checkbox']/../following-sibling::td/a[text()='Test1 Test2']}
at java.base/jdk.internal.reflect.NativeConstructorAccessorImpl.newInstance0(Native Method)
at java.base/jdk.internal.reflect.NativeConstructorAccessorImpl.newInstance(NativeConstructorAccessorImpl.java:62)
at java.base/jdk.internal.reflect.DelegatingConstructorAccessorImpl.newInstance(DelegatingConstructorAccessorImpl.java:45)
at java.base/java.lang.reflect.Constructor.newInstance(Constructor.java:488)
at org.openqa.selenium.remote.ErrorHandler.createThrowable(ErrorHandler.java:214)
at org.openqa.selenium.remote.ErrorHandler.throwIfResponseFailed(ErrorHandler.java:166)
at org.openqa.selenium.remote.http.JsonHttpResponseCodec.reconstructValue(JsonHttpResponseCodec.java:40)
at org.openqa.selenium.remote.http.AbstractHttpResponseCodec.decode(AbstractHttpResponseCodec.java:80)
at org.openqa.selenium.remote.http.AbstractHttpResponseCodec.decode(AbstractHttpResponseCodec.java:44)
at org.openqa.selenium.remote.HttpCommandExecutor.execute(HttpCommandExecutor.java:158)
at org.openqa.selenium.remote.service.DriverCommandExecutor.execute(DriverCommandExecutor.java:83)
at org.openqa.selenium.remote.RemoteWebDriver.execute(RemoteWebDriver.java:548)
at org.openqa.selenium.remote.RemoteWebDriver.findElement(RemoteWebDriver.java:322)
at org.openqa.selenium.remote.RemoteWebDriver.findElementByXPath(RemoteWebDriver.java:424)
at org.openqa.selenium.By$ByXPath.findElement(By.java:353)
at org.openqa.selenium.remote.RemoteWebDriver.findElement(RemoteWebDriver.java:314)
at jdk.internal.reflect.GeneratedMethodAccessor4.invoke(Unknown Source)
at java.base/jdk.internal.reflect.DelegatingMethodAccessorImpl.invoke(DelegatingMethodAccessorImpl.java:43)
at java.base/java.lang.reflect.Method.invoke(Method.java:564)
at org.openqa.selenium.support.events.EventFiringWebDriver.lambda$new$1(EventFiringWebDriver.java:105)
at com.sun.proxy.$Proxy11.findElement(Unknown Source)
at org.openqa.selenium.support.events.EventFiringWebDriver.findElement(EventFiringWebDriver.java:194)
at com.crm.pages.ContactsPage.selectContact(ContactsPage.java:29)
at com.crm.testcases.ContactPageTest.selectContactTest(ContactPageTest.java:45)
at java.base/jdk.internal.reflect.NativeMethodAccessorImpl.invoke0(Native Method)
at java.base/jdk.internal.reflect.NativeMethodAccessorImpl.invoke(NativeMethodAccessorImpl.java:62)
at java.base/jdk.internal.reflect.DelegatingMethodAccessorImpl.invoke(DelegatingMethodAccessorImpl.java:43)
at java.base/java.lang.reflect.Method.invoke(Method.java:564)
at org.testng.internal.MethodInvocationHelper.invokeMethod(MethodInvocationHelper.java:124)
at org.testng.internal.Invoker.invokeMethod(Invoker.java:583)
at org.testng.internal.Invoker.invokeTestMethod(Invoker.java:719)
at org.testng.internal.Invoker.invokeTestMethods(Invoker.java:989)
at org.testng.internal.TestMethodWorker.invokeTestMethods(TestMethodWorker.java:125)
at org.testng.internal.TestMethodWorker.run(TestMethodWorker.java:109)
at org.testng.TestRunner.privateRun(TestRunner.java:648)
at org.testng.TestRunner.run(TestRunner.java:505)
at org.testng.SuiteRunner.runTest(SuiteRunner.java:455)
at org.testng.SuiteRunner.runSequentially(SuiteRunner.java:450)
at org.testng.SuiteRunner.privateRun(SuiteRunner.java:415)
at org.testng.SuiteRunner.run(SuiteRunner.java:364)
at org.testng.SuiteRunnerWorker.runSuite(SuiteRunnerWorker.java:52)
at org.testng.SuiteRunnerWorker.run(SuiteRunnerWorker.java:84)
at org.testng.TestNG.runSuitesSequentially(TestNG.java:1208)
at org.testng.TestNG.runSuitesLocally(TestNG.java:1137)
at org.testng.TestNG.runSuites(TestNG.java:1049)
at org.testng.TestNG.run(TestNG.java:1017)
at org.testng.remote.AbstractRemoteTestNG.run(AbstractRemoteTestNG.java:114)
at org.testng.remote.RemoteTestNG.initAndRun(RemoteTestNG.java:251)
at org.testng.remote.RemoteTestNG.main(RemoteTestNG.java:77)
]]>
            </full-stacktrace>
          </exception> <!-- org.openqa.selenium.NoSuchElementException -->
          <reporter-output>
          </reporter-output>
        </test-method> <!-- selectContactTest -->
        <test-method is-config="true" signature="tearDown()[pri:0, instance:com.crm.testcases.ContactPageTest@ba54932]" started-at="2018-11-12T10:45:24Z" name="tearDown" finished-at="2018-11-12T10:45:25Z" duration-ms="616" status="PASS">
          <reporter-output>
          </reporter-output>
        </test-method> <!-- tearDown -->
        <test-method is-config="true" signature="setup()[pri:0, instance:com.crm.testcases.ContactPageTest@ba54932]" started-at="2018-11-12T10:45:25Z" name="setup" finished-at="2018-11-12T10:45:50Z" duration-ms="24794" status="PASS">
          <reporter-output>
          </reporter-output>
        </test-method> <!-- setup -->
        <test-method signature="varifyContactLevelTest()[pri:0, instance:com.crm.testcases.ContactPageTest@ba54932]" started-at="2018-11-12T10:45:50Z" name="varifyContactLevelTest" finished-at="2018-11-12T10:45:57Z" duration-ms="7483" status="PASS">
          <reporter-output>
          </reporter-output>
        </test-method> <!-- varifyContactLevelTest -->
        <test-method is-config="true" signature="tearDown()[pri:0, instance:com.crm.testcases.ContactPageTest@ba54932]" started-at="2018-11-12T10:45:57Z" name="tearDown" finished-at="2018-11-12T10:45:58Z" duration-ms="584" status="PASS">
          <reporter-output>
          </reporter-output>
        </test-method> <!-- tearDown -->
      </class> <!-- com.crm.testcases.ContactPageTest -->
    </test> <!-- FreeCRMTest -->
  </suite> <!-- FreeCRMTestAutomation -->
</testng-results>
