<?xml version="1.0" encoding="UTF-8"?>
<testng-results ignored="0" total="8" passed="8" failed="0" skipped="0">
  <reporter-output>
  </reporter-output>
  <suite started-at="2018-11-10T07:10:19Z" name="FreeCRMTestAutomation" finished-at="2018-11-10T07:12:21Z" duration-ms="122033">
    <groups>
    </groups>
    <test started-at="2018-11-10T07:10:19Z" name="FreeCRMTest" finished-at="2018-11-10T07:12:21Z" duration-ms="122033">
      <class name="com.crm.testcases.HomePageTest">
        <test-method is-config="true" signature="setup()[pri:0, instance:com.crm.testcases.HomePageTest@68267da0]" started-at="2018-11-10T07:10:47Z" name="setup" finished-at="2018-11-10T07:11:03Z" duration-ms="15644" status="PASS">
          <reporter-output>
          </reporter-output>
        </test-method> <!-- setup -->
        <test-method signature="varifyContactsLinkTest()[pri:0, instance:com.crm.testcases.HomePageTest@68267da0]" started-at="2018-11-10T07:11:03Z" name="varifyContactsLinkTest" finished-at="2018-11-10T07:11:06Z" duration-ms="2621" status="PASS">
          <reporter-output>
          </reporter-output>
        </test-method> <!-- varifyContactsLinkTest -->
        <test-method is-config="true" signature="tearDown()[pri:0, instance:com.crm.testcases.HomePageTest@68267da0]" started-at="2018-11-10T07:11:06Z" name="tearDown" finished-at="2018-11-10T07:11:06Z" duration-ms="631" status="PASS">
          <reporter-output>
          </reporter-output>
        </test-method> <!-- tearDown -->
        <test-method is-config="true" signature="setup()[pri:0, instance:com.crm.testcases.HomePageTest@68267da0]" started-at="2018-11-10T07:11:06Z" name="setup" finished-at="2018-11-10T07:11:23Z" duration-ms="17088" status="PASS">
          <reporter-output>
          </reporter-output>
        </test-method> <!-- setup -->
        <test-method signature="varifyHomepageTest()[pri:0, instance:com.crm.testcases.HomePageTest@68267da0]" started-at="2018-11-10T07:11:23Z" name="varifyHomepageTest" finished-at="2018-11-10T07:11:23Z" duration-ms="6" status="PASS">
          <reporter-output>
          </reporter-output>
        </test-method> <!-- varifyHomepageTest -->
        <test-method is-config="true" signature="tearDown()[pri:0, instance:com.crm.testcases.HomePageTest@68267da0]" started-at="2018-11-10T07:11:23Z" name="tearDown" finished-at="2018-11-10T07:11:24Z" duration-ms="594" status="PASS">
          <reporter-output>
          </reporter-output>
        </test-method> <!-- tearDown -->
        <test-method is-config="true" signature="setup()[pri:0, instance:com.crm.testcases.HomePageTest@68267da0]" started-at="2018-11-10T07:11:24Z" name="setup" finished-at="2018-11-10T07:11:38Z" duration-ms="13929" status="PASS">
          <reporter-output>
          </reporter-output>
        </test-method> <!-- setup -->
        <test-method signature="varifyUsernameTest()[pri:0, instance:com.crm.testcases.HomePageTest@68267da0]" started-at="2018-11-10T07:11:38Z" name="varifyUsernameTest" finished-at="2018-11-10T07:11:38Z" duration-ms="81" status="PASS">
          <reporter-output>
          </reporter-output>
        </test-method> <!-- varifyUsernameTest -->
        <test-method is-config="true" signature="tearDown()[pri:0, instance:com.crm.testcases.HomePageTest@68267da0]" started-at="2018-11-10T07:11:38Z" name="tearDown" finished-at="2018-11-10T07:11:39Z" duration-ms="647" status="PASS">
          <reporter-output>
          </reporter-output>
        </test-method> <!-- tearDown -->
      </class> <!-- com.crm.testcases.HomePageTest -->
      <class name="com.crm.testcases.LoginPageTest">
        <test-method is-config="true" signature="setup()[pri:0, instance:com.crm.testcases.LoginPageTest@683dbc2c]" started-at="2018-11-10T07:10:19Z" name="setup" finished-at="2018-11-10T07:10:26Z" duration-ms="6731" status="PASS">
          <reporter-output>
          </reporter-output>
        </test-method> <!-- setup -->
        <test-method signature="crmLogoTest()[pri:0, instance:com.crm.testcases.LoginPageTest@683dbc2c]" started-at="2018-11-10T07:10:26Z" name="crmLogoTest" finished-at="2018-11-10T07:10:26Z" duration-ms="100" status="PASS">
          <reporter-output>
          </reporter-output>
        </test-method> <!-- crmLogoTest -->
        <test-method is-config="true" signature="tearDown()[pri:0, instance:com.crm.testcases.LoginPageTest@683dbc2c]" started-at="2018-11-10T07:10:26Z" name="tearDown" finished-at="2018-11-10T07:10:27Z" duration-ms="642" status="PASS">
          <reporter-output>
          </reporter-output>
        </test-method> <!-- tearDown -->
        <test-method is-config="true" signature="setup()[pri:0, instance:com.crm.testcases.LoginPageTest@683dbc2c]" started-at="2018-11-10T07:10:27Z" name="setup" finished-at="2018-11-10T07:10:32Z" duration-ms="5786" status="PASS">
          <reporter-output>
          </reporter-output>
        </test-method> <!-- setup -->
        <test-method signature="loginPageTitle()[pri:0, instance:com.crm.testcases.LoginPageTest@683dbc2c]" started-at="2018-11-10T07:10:32Z" name="loginPageTitle" finished-at="2018-11-10T07:10:32Z" duration-ms="15" status="PASS">
          <reporter-output>
          </reporter-output>
        </test-method> <!-- loginPageTitle -->
        <test-method is-config="true" signature="tearDown()[pri:0, instance:com.crm.testcases.LoginPageTest@683dbc2c]" started-at="2018-11-10T07:10:32Z" name="tearDown" finished-at="2018-11-10T07:10:33Z" duration-ms="584" status="PASS">
          <reporter-output>
          </reporter-output>
        </test-method> <!-- tearDown -->
        <test-method is-config="true" signature="setup()[pri:0, instance:com.crm.testcases.LoginPageTest@683dbc2c]" started-at="2018-11-10T07:10:33Z" name="setup" finished-at="2018-11-10T07:10:39Z" duration-ms="5935" status="PASS">
          <reporter-output>
          </reporter-output>
        </test-method> <!-- setup -->
        <test-method signature="loginTest()[pri:0, instance:com.crm.testcases.LoginPageTest@683dbc2c]" started-at="2018-11-10T07:10:39Z" name="loginTest" finished-at="2018-11-10T07:10:47Z" duration-ms="7914" status="PASS">
          <reporter-output>
          </reporter-output>
        </test-method> <!-- loginTest -->
        <test-method is-config="true" signature="tearDown()[pri:0, instance:com.crm.testcases.LoginPageTest@683dbc2c]" started-at="2018-11-10T07:10:47Z" name="tearDown" finished-at="2018-11-10T07:10:47Z" duration-ms="601" status="PASS">
          <reporter-output>
          </reporter-output>
        </test-method> <!-- tearDown -->
      </class> <!-- com.crm.testcases.LoginPageTest -->
      <class name="com.crm.testcases.ContactPageTest">
        <test-method is-config="true" signature="setup()[pri:0, instance:com.crm.testcases.ContactPageTest@2638011]" started-at="2018-11-10T07:11:39Z" name="setup" finished-at="2018-11-10T07:12:01Z" duration-ms="22132" status="PASS">
          <reporter-output>
          </reporter-output>
        </test-method> <!-- setup -->
        <test-method signature="selectContacTest()[pri:0, instance:com.crm.testcases.ContactPageTest@2638011]" started-at="2018-11-10T07:12:01Z" name="selectContacTest" finished-at="2018-11-10T07:12:03Z" duration-ms="2020" status="PASS">
          <reporter-output>
          </reporter-output>
        </test-method> <!-- selectContacTest -->
        <test-method is-config="true" signature="tearDown()[pri:0, instance:com.crm.testcases.ContactPageTest@2638011]" started-at="2018-11-10T07:12:03Z" name="tearDown" finished-at="2018-11-10T07:12:03Z" duration-ms="612" status="PASS">
          <reporter-output>
          </reporter-output>
        </test-method> <!-- tearDown -->
        <test-method is-config="true" signature="setup()[pri:0, instance:com.crm.testcases.ContactPageTest@2638011]" started-at="2018-11-10T07:12:03Z" name="setup" finished-at="2018-11-10T07:12:20Z" duration-ms="16972" status="PASS">
          <reporter-output>
          </reporter-output>
        </test-method> <!-- setup -->
        <test-method signature="varifyContactLevelTest()[pri:0, instance:com.crm.testcases.ContactPageTest@2638011]" started-at="2018-11-10T07:12:20Z" name="varifyContactLevelTest" finished-at="2018-11-10T07:12:20Z" duration-ms="49" status="PASS">
          <reporter-output>
          </reporter-output>
        </test-method> <!-- varifyContactLevelTest -->
        <test-method is-config="true" signature="tearDown()[pri:0, instance:com.crm.testcases.ContactPageTest@2638011]" started-at="2018-11-10T07:12:20Z" name="tearDown" finished-at="2018-11-10T07:12:21Z" duration-ms="662" status="PASS">
          <reporter-output>
          </reporter-output>
        </test-method> <!-- tearDown -->
      </class> <!-- com.crm.testcases.ContactPageTest -->
    </test> <!-- FreeCRMTest -->
  </suite> <!-- FreeCRMTestAutomation -->
</testng-results>
